Registered S3 method overwritten by 'pryr':
  method      from
  print.bytes Rcpp
[1] "load finished!"
[1] "step04"
[1] "L01"
[1] "L02"
[1] "L05"
[1] "L06"
[1] "L07"
[1] "L08"
[1] "L09"
[1] "L10"
[1] "L11"
[1] "L13"
[1] "L14"
[1] "L15"
[1] "L17"
[1] "L19"
[1] "L20"
[1] "L21"
[1] "L22"
[1] "L23"
[1] "L24"
[1] "L25"
[1] "L26"
[1] "L27"
[1] "L28"
[1] "LS01"
[1] "LS05"
[1] "LS06"
[1] "LS17"
[1] "step01"
[1] "step02"
[1] "testDB"
Registered S3 method overwritten by 'pryr':
  method      from
  print.bytes Rcpp
[1] "load finished!"
[1] "step04"
[1] "L01"
[1] "L02"
[1] "L05"
[1] "L06"
[1] "L07"
[1] "L08"
[1] "L09"
[1] "L10"
[1] "L11"
[1] "L13"
[1] "L14"
[1] "L15"
[1] "L17"
[1] "L19"
[1] "L20"
[1] "L21"
[1] "L22"
[1] "L23"
[1] "L24"
[1] "L25"
[1] "L26"
[1] "L27"
[1] "L28"
[1] "LS01"
[1] "LS05"
[1] "LS06"
[1] "LS17"
[1] "step01"
Error in .local(conn, statement, ...) : 
  execute JDBC update query failed in dbSendUpdate (Connection timed out (Write failed))
Calls: dm_dealAll2 ... dbWriteTable -> .local -> dbSendUpdate -> dbSendUpdate -> .local
In addition: There were 50 or more warnings (use warnings() to see the first 50)
Execution halted
[1] "step02"
[1] "testDB"
[1] "step03"
[1] "step03"
[1] "step03"
[1] "step03"
[1] "step03"
[1] "step03"
[1] "step03"
[1] "step03"
[1] "step03"
[1] "step03"
[1] "step03"
[1] "step03"
[1] "step03"
[1] "step03"
[1] "step03"
[1] "step03"
[1] "step03"
[1] "step03"
[1] "step05"
[1] "step06"
[1] "step04"
[1] "L01"
[1] "L02"
[1] "L05"
[1] "L06"
[1] "L07"
[1] "L08"
[1] "L09"
[1] "L10"
[1] "L11"
[1] "L13"
[1] "L14"
[1] "L15"
[1] "L17"
[1] "L19"
[1] "L20"
[1] "L21"
[1] "L22"
[1] "L23"
[1] "L24"
[1] "L25"
[1] "L26"
[1] "L27"
[1] "L28"
[1] "LS01"
[1] "LS05"
[1] "LS06"
[1] "LS17"
[1] "step01"
[1] "step02"
[1] "testDB"
[1] "step03"
[1] "step03"
[1] "step03"
[1] "step03"
[1] "step03"
[1] "step03"
[1] "step03"
[1] "step03"
[1] "step03"
[1] "step03"
[1] "step03"
[1] "step03"
[1] "step03"
[1] "step03"
[1] "step03"
[1] "step03"
[1] "step03"
[1] "step03"
[1] "step05"
[1] "step06"
There were 50 or more warnings (use warnings() to see the first 50)
Registered S3 method overwritten by 'pryr':
  method      from
  print.bytes Rcpp
[1] "load finished!"
Registered S3 method overwritten by 'pryr':
  method      from
  print.bytes Rcpp
[1] "load finished!"
Registered S3 method overwritten by 'pryr':
  method      from
  print.bytes Rcpp
[1] "load finished!"
Registered S3 method overwritten by 'pryr':
  method      from
  print.bytes Rcpp
[1] "load finished!"
Registered S3 method overwritten by 'pryr':
  method      from
  print.bytes Rcpp
[1] "load finished!"
Registered S3 method overwritten by 'pryr':
  method      from
  print.bytes Rcpp
[1] "load finished!"
Registered S3 method overwritten by 'pryr':
  method      from
  print.bytes Rcpp
[1] "load finished!"
Registered S3 method overwritten by 'pryr':
  method      from
  print.bytes Rcpp
[1] "load finished!"
Registered S3 method overwritten by 'pryr':
  method      from
  print.bytes Rcpp
[1] "load finished!"
Registered S3 method overwritten by 'pryr':
  method      from
  print.bytes Rcpp
[1] "load finished!"
Registered S3 method overwritten by 'pryr':
  method      from
  print.bytes Rcpp
[1] "load finished!"
Registered S3 method overwritten by 'pryr':
  method      from
  print.bytes Rcpp
[1] "load finished!"
Registered S3 method overwritten by 'pryr':
  method      from
  print.bytes Rcpp
[1] "load finished!"
Registered S3 method overwritten by 'pryr':
  method      from
  print.bytes Rcpp
[1] "load finished!"
Registered S3 method overwritten by 'pryr':
  method      from
  print.bytes Rcpp
[1] "load finished!"
Registered S3 method overwritten by 'pryr':
  method      from
  print.bytes Rcpp
[1] "load finished!"
Registered S3 method overwritten by 'pryr':
  method      from
  print.bytes Rcpp
[1] "load finished!"
Registered S3 method overwritten by 'pryr':
  method      from
  print.bytes Rcpp
[1] "load finished!"
Registered S3 method overwritten by 'pryr':
  method      from
  print.bytes Rcpp
[1] "load finished!"
Registered S3 method overwritten by 'pryr':
  method      from
  print.bytes Rcpp
[1] "load finished!"
Registered S3 method overwritten by 'pryr':
  method      from
  print.bytes Rcpp
[1] "load finished!"
Registered S3 method overwritten by 'pryr':
  method      from
  print.bytes Rcpp
[1] "load finished!"
Registered S3 method overwritten by 'pryr':
  method      from
  print.bytes Rcpp
[1] "load finished!"
Registered S3 method overwritten by 'pryr':
  method      from
  print.bytes Rcpp
[1] "load finished!"
Registered S3 method overwritten by 'pryr':
  method      from
  print.bytes Rcpp
[1] "load finished!"
Registered S3 method overwritten by 'pryr':
  method      from
  print.bytes Rcpp
[1] "load finished!"
Registered S3 method overwritten by 'pryr':
  method      from
  print.bytes Rcpp
[1] "load finished!"
Registered S3 method overwritten by 'pryr':
  method      from
  print.bytes Rcpp
[1] "load finished!"
Registered S3 method overwritten by 'pryr':
  method      from
  print.bytes Rcpp
[1] "load finished!"
Registered S3 method overwritten by 'pryr':
  method      from
  print.bytes Rcpp
[1] "load finished!"
Registered S3 method overwritten by 'pryr':
  method      from
  print.bytes Rcpp
[1] "load finished!"
Registered S3 method overwritten by 'pryr':
  method      from
  print.bytes Rcpp
[1] "load finished!"
Registered S3 method overwritten by 'pryr':
  method      from
  print.bytes Rcpp
[1] "load finished!"
Registered S3 method overwritten by 'pryr':
  method      from
  print.bytes Rcpp
[1] "load finished!"
Registered S3 method overwritten by 'pryr':
  method      from
  print.bytes Rcpp
[1] "load finished!"
Registered S3 method overwritten by 'pryr':
  method      from
  print.bytes Rcpp
[1] "load finished!"
Registered S3 method overwritten by 'pryr':
  method      from
  print.bytes Rcpp
[1] "load finished!"
Registered S3 method overwritten by 'pryr':
  method      from
  print.bytes Rcpp
[1] "load finished!"
Registered S3 method overwritten by 'pryr':
  method      from
  print.bytes Rcpp
[1] "load finished!"
Registered S3 method overwritten by 'pryr':
  method      from
  print.bytes Rcpp
[1] "load finished!"
Registered S3 method overwritten by 'pryr':
  method      from
  print.bytes Rcpp
[1] "load finished!"
Registered S3 method overwritten by 'pryr':
  method      from
  print.bytes Rcpp
[1] "load finished!"
Registered S3 method overwritten by 'pryr':
  method      from
  print.bytes Rcpp
[1] "load finished!"
Registered S3 method overwritten by 'pryr':
  method      from
  print.bytes Rcpp
[1] "load finished!"
Registered S3 method overwritten by 'pryr':
  method      from
  print.bytes Rcpp
[1] "load finished!"
Registered S3 method overwritten by 'pryr':
  method      from
  print.bytes Rcpp
[1] "load finished!"
Registered S3 method overwritten by 'pryr':
  method      from
  print.bytes Rcpp
[1] "load finished!"
Registered S3 method overwritten by 'pryr':
  method      from
  print.bytes Rcpp
[1] "load finished!"
Registered S3 method overwritten by 'pryr':
  method      from
  print.bytes Rcpp
[1] "load finished!"
Registered S3 method overwritten by 'pryr':
  method      from
  print.bytes Rcpp
[1] "load finished!"
Registered S3 method overwritten by 'pryr':
  method      from
  print.bytes Rcpp
[1] "load finished!"
Registered S3 method overwritten by 'pryr':
  method      from
  print.bytes Rcpp
[1] "load finished!"
Registered S3 method overwritten by 'pryr':
  method      from
  print.bytes Rcpp
[1] "load finished!"
Registered S3 method overwritten by 'pryr':
  method      from
  print.bytes Rcpp
[1] "load finished!"
Registered S3 method overwritten by 'pryr':
  method      from
  print.bytes Rcpp
[1] "load finished!"
Registered S3 method overwritten by 'pryr':
  method      from
  print.bytes Rcpp
[1] "load finished!"
Registered S3 method overwritten by 'pryr':
  method      from
  print.bytes Rcpp
[1] "load finished!"
Registered S3 method overwritten by 'pryr':
  method      from
  print.bytes Rcpp
[1] "load finished!"
Registered S3 method overwritten by 'pryr':
  method      from
  print.bytes Rcpp
[1] "load finished!"
Registered S3 method overwritten by 'pryr':
  method      from
  print.bytes Rcpp
[1] "load finished!"
Registered S3 method overwritten by 'pryr':
  method      from
  print.bytes Rcpp
[1] "load finished!"
Registered S3 method overwritten by 'pryr':
  method      from
  print.bytes Rcpp
[1] "load finished!"
Registered S3 method overwritten by 'pryr':
  method      from
  print.bytes Rcpp
[1] "load finished!"
Registered S3 method overwritten by 'pryr':
  method      from
  print.bytes Rcpp
[1] "load finished!"
Registered S3 method overwritten by 'pryr':
  method      from
  print.bytes Rcpp
[1] "load finished!"
Registered S3 method overwritten by 'pryr':
  method      from
  print.bytes Rcpp
[1] "load finished!"
Registered S3 method overwritten by 'pryr':
  method      from
  print.bytes Rcpp
[1] "load finished!"
Registered S3 method overwritten by 'pryr':
  method      from
  print.bytes Rcpp
[1] "load finished!"
Registered S3 method overwritten by 'pryr':
  method      from
  print.bytes Rcpp
[1] "load finished!"
Registered S3 method overwritten by 'pryr':
  method      from
  print.bytes Rcpp
[1] "load finished!"
Registered S3 method overwritten by 'pryr':
  method      from
  print.bytes Rcpp
[1] "load finished!"
Registered S3 method overwritten by 'pryr':
  method      from
  print.bytes Rcpp
[1] "load finished!"
Registered S3 method overwritten by 'pryr':
  method      from
  print.bytes Rcpp
[1] "load finished!"
Registered S3 method overwritten by 'pryr':
  method      from
  print.bytes Rcpp
[1] "load finished!"
Registered S3 method overwritten by 'pryr':
  method      from
  print.bytes Rcpp
[1] "load finished!"
Registered S3 method overwritten by 'pryr':
  method      from
  print.bytes Rcpp
[1] "load finished!"
Registered S3 method overwritten by 'pryr':
  method      from
  print.bytes Rcpp
[1] "load finished!"
Registered S3 method overwritten by 'pryr':
  method      from
  print.bytes Rcpp
[1] "load finished!"
Registered S3 method overwritten by 'pryr':
  method      from
  print.bytes Rcpp
[1] "load finished!"
Registered S3 method overwritten by 'pryr':
  method      from
  print.bytes Rcpp
[1] "load finished!"
Registered S3 method overwritten by 'pryr':
  method      from
  print.bytes Rcpp
[1] "load finished!"
Registered S3 method overwritten by 'pryr':
  method      from
  print.bytes Rcpp
[1] "load finished!"
Registered S3 method overwritten by 'pryr':
  method      from
  print.bytes Rcpp
[1] "load finished!"
Registered S3 method overwritten by 'pryr':
  method      from
  print.bytes Rcpp
[1] "load finished!"
Registered S3 method overwritten by 'pryr':
  method      from
  print.bytes Rcpp
[1] "load finished!"
Registered S3 method overwritten by 'pryr':
  method      from
  print.bytes Rcpp
[1] "load finished!"
Registered S3 method overwritten by 'pryr':
  method      from
  print.bytes Rcpp
[1] "load finished!"
Registered S3 method overwritten by 'pryr':
  method      from
  print.bytes Rcpp
[1] "load finished!"
Registered S3 method overwritten by 'pryr':
  method      from
  print.bytes Rcpp
[1] "load finished!"
Registered S3 method overwritten by 'pryr':
  method      from
  print.bytes Rcpp
[1] "load finished!"
Registered S3 method overwritten by 'pryr':
  method      from
  print.bytes Rcpp
[1] "load finished!"
Registered S3 method overwritten by 'pryr':
  method      from
  print.bytes Rcpp
[1] "load finished!"
Registered S3 method overwritten by 'pryr':
  method      from
  print.bytes Rcpp
[1] "load finished!"
Registered S3 method overwritten by 'pryr':
  method      from
  print.bytes Rcpp
[1] "load finished!"
Registered S3 method overwritten by 'pryr':
  method      from
  print.bytes Rcpp
[1] "load finished!"
Registered S3 method overwritten by 'pryr':
  method      from
  print.bytes Rcpp
[1] "load finished!"
Registered S3 method overwritten by 'pryr':
  method      from
  print.bytes Rcpp
[1] "load finished!"
Registered S3 method overwritten by 'pryr':
  method      from
  print.bytes Rcpp
[1] "load finished!"
Registered S3 method overwritten by 'pryr':
  method      from
  print.bytes Rcpp
[1] "load finished!"
Registered S3 method overwritten by 'pryr':
  method      from
  print.bytes Rcpp
[1] "load finished!"
Registered S3 method overwritten by 'pryr':
  method      from
  print.bytes Rcpp
[1] "load finished!"
Registered S3 method overwritten by 'pryr':
  method      from
  print.bytes Rcpp
[1] "load finished!"
Registered S3 method overwritten by 'pryr':
  method      from
  print.bytes Rcpp
[1] "load finished!"
Registered S3 method overwritten by 'pryr':
  method      from
  print.bytes Rcpp
[1] "load finished!"
Registered S3 method overwritten by 'pryr':
  method      from
  print.bytes Rcpp
[1] "load finished!"
Registered S3 method overwritten by 'pryr':
  method      from
  print.bytes Rcpp
[1] "load finished!"
Registered S3 method overwritten by 'pryr':
  method      from
  print.bytes Rcpp
[1] "load finished!"
Registered S3 method overwritten by 'pryr':
  method      from
  print.bytes Rcpp
[1] "load finished!"
Registered S3 method overwritten by 'pryr':
  method      from
  print.bytes Rcpp
[1] "load finished!"
Registered S3 method overwritten by 'pryr':
  method      from
  print.bytes Rcpp
[1] "load finished!"
Registered S3 method overwritten by 'pryr':
  method      from
  print.bytes Rcpp
[1] "load finished!"
Registered S3 method overwritten by 'pryr':
  method      from
  print.bytes Rcpp
[1] "load finished!"
Registered S3 method overwritten by 'pryr':
  method      from
  print.bytes Rcpp
[1] "load finished!"
Registered S3 method overwritten by 'pryr':
  method      from
  print.bytes Rcpp
[1] "load finished!"
Registered S3 method overwritten by 'pryr':
  method      from
  print.bytes Rcpp
[1] "load finished!"
Registered S3 method overwritten by 'pryr':
  method      from
  print.bytes Rcpp
[1] "load finished!"
Registered S3 method overwritten by 'pryr':
  method      from
  print.bytes Rcpp
[1] "load finished!"
Registered S3 method overwritten by 'pryr':
  method      from
  print.bytes Rcpp
[1] "load finished!"
Registered S3 method overwritten by 'pryr':
  method      from
  print.bytes Rcpp
[1] "load finished!"
Registered S3 method overwritten by 'pryr':
  method      from
  print.bytes Rcpp
[1] "load finished!"
Registered S3 method overwritten by 'pryr':
  method      from
  print.bytes Rcpp
[1] "load finished!"
Registered S3 method overwritten by 'pryr':
  method      from
  print.bytes Rcpp
[1] "load finished!"
Registered S3 method overwritten by 'pryr':
  method      from
  print.bytes Rcpp
[1] "load finished!"
Registered S3 method overwritten by 'pryr':
  method      from
  print.bytes Rcpp
[1] "load finished!"
Registered S3 method overwritten by 'pryr':
  method      from
  print.bytes Rcpp
[1] "load finished!"
Registered S3 method overwritten by 'pryr':
  method      from
  print.bytes Rcpp
[1] "load finished!"
Registered S3 method overwritten by 'pryr':
  method      from
  print.bytes Rcpp
[1] "load finished!"
Registered S3 method overwritten by 'pryr':
  method      from
  print.bytes Rcpp
[1] "load finished!"
Registered S3 method overwritten by 'pryr':
  method      from
  print.bytes Rcpp
[1] "load finished!"
Registered S3 method overwritten by 'pryr':
  method      from
  print.bytes Rcpp
[1] "load finished!"
Registered S3 method overwritten by 'pryr':
  method      from
  print.bytes Rcpp
[1] "load finished!"
Registered S3 method overwritten by 'pryr':
  method      from
  print.bytes Rcpp
[1] "load finished!"
Registered S3 method overwritten by 'pryr':
  method      from
  print.bytes Rcpp
[1] "load finished!"
Registered S3 method overwritten by 'pryr':
  method      from
  print.bytes Rcpp
[1] "load finished!"
Registered S3 method overwritten by 'pryr':
  method      from
  print.bytes Rcpp
[1] "load finished!"
Registered S3 method overwritten by 'pryr':
  method      from
  print.bytes Rcpp
[1] "load finished!"
Registered S3 method overwritten by 'pryr':
  method      from
  print.bytes Rcpp
[1] "load finished!"
Registered S3 method overwritten by 'pryr':
  method      from
  print.bytes Rcpp
[1] "load finished!"
Registered S3 method overwritten by 'pryr':
  method      from
  print.bytes Rcpp
[1] "load finished!"
Registered S3 method overwritten by 'pryr':
  method      from
  print.bytes Rcpp
[1] "load finished!"
Registered S3 method overwritten by 'pryr':
  method      from
  print.bytes Rcpp
[1] "load finished!"
Registered S3 method overwritten by 'pryr':
  method      from
  print.bytes Rcpp
[1] "load finished!"
Registered S3 method overwritten by 'pryr':
  method      from
  print.bytes Rcpp
[1] "load finished!"
Registered S3 method overwritten by 'pryr':
  method      from
  print.bytes Rcpp
[1] "load finished!"
Registered S3 method overwritten by 'pryr':
  method      from
  print.bytes Rcpp
[1] "load finished!"
Registered S3 method overwritten by 'pryr':
  method      from
  print.bytes Rcpp
[1] "load finished!"
Registered S3 method overwritten by 'pryr':
  method      from
  print.bytes Rcpp
[1] "load finished!"
Registered S3 method overwritten by 'pryr':
  method      from
  print.bytes Rcpp
[1] "load finished!"
Registered S3 method overwritten by 'pryr':
  method      from
  print.bytes Rcpp
[1] "load finished!"
Registered S3 method overwritten by 'pryr':
  method      from
  print.bytes Rcpp
[1] "load finished!"
Registered S3 method overwritten by 'pryr':
  method      from
  print.bytes Rcpp
[1] "load finished!"
Registered S3 method overwritten by 'pryr':
  method      from
  print.bytes Rcpp
[1] "load finished!"
Registered S3 method overwritten by 'pryr':
  method      from
  print.bytes Rcpp
[1] "load finished!"
Registered S3 method overwritten by 'pryr':
  method      from
  print.bytes Rcpp
[1] "load finished!"
Registered S3 method overwritten by 'pryr':
  method      from
  print.bytes Rcpp
[1] "load finished!"
Registered S3 method overwritten by 'pryr':
  method      from
  print.bytes Rcpp
[1] "load finished!"
Registered S3 method overwritten by 'pryr':
  method      from
  print.bytes Rcpp
[1] "load finished!"
Registered S3 method overwritten by 'pryr':
  method      from
  print.bytes Rcpp
[1] "load finished!"
Registered S3 method overwritten by 'pryr':
  method      from
  print.bytes Rcpp
[1] "load finished!"
Registered S3 method overwritten by 'pryr':
  method      from
  print.bytes Rcpp
[1] "load finished!"
Registered S3 method overwritten by 'pryr':
  method      from
  print.bytes Rcpp
[1] "load finished!"
Registered S3 method overwritten by 'pryr':
  method      from
  print.bytes Rcpp
[1] "load finished!"
Registered S3 method overwritten by 'pryr':
  method      from
  print.bytes Rcpp
[1] "load finished!"
Registered S3 method overwritten by 'pryr':
  method      from
  print.bytes Rcpp
[1] "load finished!"
Registered S3 method overwritten by 'pryr':
  method      from
  print.bytes Rcpp
[1] "load finished!"
Registered S3 method overwritten by 'pryr':
  method      from
  print.bytes Rcpp
[1] "load finished!"
Registered S3 method overwritten by 'pryr':
  method      from
  print.bytes Rcpp
[1] "load finished!"
Registered S3 method overwritten by 'pryr':
  method      from
  print.bytes Rcpp
[1] "load finished!"
Registered S3 method overwritten by 'pryr':
  method      from
  print.bytes Rcpp
[1] "load finished!"
Registered S3 method overwritten by 'pryr':
  method      from
  print.bytes Rcpp
[1] "load finished!"
Registered S3 method overwritten by 'pryr':
  method      from
  print.bytes Rcpp
[1] "load finished!"
Registered S3 method overwritten by 'pryr':
  method      from
  print.bytes Rcpp
[1] "load finished!"
Registered S3 method overwritten by 'pryr':
  method      from
  print.bytes Rcpp
[1] "load finished!"
Registered S3 method overwritten by 'pryr':
  method      from
  print.bytes Rcpp
[1] "load finished!"
Registered S3 method overwritten by 'pryr':
  method      from
  print.bytes Rcpp
[1] "load finished!"
Registered S3 method overwritten by 'pryr':
  method      from
  print.bytes Rcpp
[1] "load finished!"
Registered S3 method overwritten by 'pryr':
  method      from
  print.bytes Rcpp
[1] "load finished!"
Registered S3 method overwritten by 'pryr':
  method      from
  print.bytes Rcpp
[1] "load finished!"
Registered S3 method overwritten by 'pryr':
  method      from
  print.bytes Rcpp
[1] "load finished!"
Registered S3 method overwritten by 'pryr':
  method      from
  print.bytes Rcpp
[1] "load finished!"
Registered S3 method overwritten by 'pryr':
  method      from
  print.bytes Rcpp
[1] "load finished!"
Registered S3 method overwritten by 'pryr':
  method      from
  print.bytes Rcpp
[1] "load finished!"
Registered S3 method overwritten by 'pryr':
  method      from
  print.bytes Rcpp
[1] "load finished!"
Registered S3 method overwritten by 'pryr':
  method      from
  print.bytes Rcpp
[1] "load finished!"
Registered S3 method overwritten by 'pryr':
  method      from
  print.bytes Rcpp
[1] "load finished!"
Registered S3 method overwritten by 'pryr':
  method      from
  print.bytes Rcpp
[1] "load finished!"
Registered S3 method overwritten by 'pryr':
  method      from
  print.bytes Rcpp
[1] "load finished!"
Registered S3 method overwritten by 'pryr':
  method      from
  print.bytes Rcpp
[1] "load finished!"
Registered S3 method overwritten by 'pryr':
  method      from
  print.bytes Rcpp
[1] "load finished!"
Registered S3 method overwritten by 'pryr':
  method      from
  print.bytes Rcpp
[1] "load finished!"
Registered S3 method overwritten by 'pryr':
  method      from
  print.bytes Rcpp
[1] "load finished!"
Registered S3 method overwritten by 'pryr':
  method      from
  print.bytes Rcpp
[1] "load finished!"
Registered S3 method overwritten by 'pryr':
  method      from
  print.bytes Rcpp
[1] "load finished!"
Registered S3 method overwritten by 'pryr':
  method      from
  print.bytes Rcpp
[1] "load finished!"
Registered S3 method overwritten by 'pryr':
  method      from
  print.bytes Rcpp
[1] "load finished!"
Registered S3 method overwritten by 'pryr':
  method      from
  print.bytes Rcpp
[1] "load finished!"
Registered S3 method overwritten by 'pryr':
  method      from
  print.bytes Rcpp
[1] "load finished!"
Registered S3 method overwritten by 'pryr':
  method      from
  print.bytes Rcpp
[1] "load finished!"
Registered S3 method overwritten by 'pryr':
  method      from
  print.bytes Rcpp
[1] "load finished!"
Registered S3 method overwritten by 'pryr':
  method      from
  print.bytes Rcpp
[1] "load finished!"
Registered S3 method overwritten by 'pryr':
  method      from
  print.bytes Rcpp
[1] "load finished!"
Registered S3 method overwritten by 'pryr':
  method      from
  print.bytes Rcpp
[1] "load finished!"
Registered S3 method overwritten by 'pryr':
  method      from
  print.bytes Rcpp
[1] "load finished!"
Registered S3 method overwritten by 'pryr':
  method      from
  print.bytes Rcpp
[1] "load finished!"
Registered S3 method overwritten by 'pryr':
  method      from
  print.bytes Rcpp
[1] "load finished!"
Registered S3 method overwritten by 'pryr':
  method      from
  print.bytes Rcpp
[1] "load finished!"
Registered S3 method overwritten by 'pryr':
  method      from
  print.bytes Rcpp
[1] "load finished!"
Registered S3 method overwritten by 'pryr':
  method      from
  print.bytes Rcpp
[1] "load finished!"
Registered S3 method overwritten by 'pryr':
  method      from
  print.bytes Rcpp
[1] "load finished!"
Registered S3 method overwritten by 'pryr':
  method      from
  print.bytes Rcpp
[1] "load finished!"
Registered S3 method overwritten by 'pryr':
  method      from
  print.bytes Rcpp
[1] "load finished!"
Registered S3 method overwritten by 'pryr':
  method      from
  print.bytes Rcpp
[1] "load finished!"
Registered S3 method overwritten by 'pryr':
  method      from
  print.bytes Rcpp
[1] "load finished!"
Registered S3 method overwritten by 'pryr':
  method      from
  print.bytes Rcpp
[1] "load finished!"
Registered S3 method overwritten by 'pryr':
  method      from
  print.bytes Rcpp
[1] "load finished!"
Registered S3 method overwritten by 'pryr':
  method      from
  print.bytes Rcpp
[1] "load finished!"
Registered S3 method overwritten by 'pryr':
  method      from
  print.bytes Rcpp
[1] "load finished!"
Registered S3 method overwritten by 'pryr':
  method      from
  print.bytes Rcpp
[1] "load finished!"
Registered S3 method overwritten by 'pryr':
  method      from
  print.bytes Rcpp
[1] "load finished!"
Registered S3 method overwritten by 'pryr':
  method      from
  print.bytes Rcpp
[1] "load finished!"
Registered S3 method overwritten by 'pryr':
  method      from
  print.bytes Rcpp
[1] "load finished!"
Registered S3 method overwritten by 'pryr':
  method      from
  print.bytes Rcpp
[1] "load finished!"
Registered S3 method overwritten by 'pryr':
  method      from
  print.bytes Rcpp
[1] "load finished!"
Registered S3 method overwritten by 'pryr':
  method      from
  print.bytes Rcpp
[1] "load finished!"
Registered S3 method overwritten by 'pryr':
  method      from
  print.bytes Rcpp
[1] "load finished!"
Registered S3 method overwritten by 'pryr':
  method      from
  print.bytes Rcpp
[1] "load finished!"
Registered S3 method overwritten by 'pryr':
  method      from
  print.bytes Rcpp
[1] "load finished!"
Registered S3 method overwritten by 'pryr':
  method      from
  print.bytes Rcpp
[1] "load finished!"
Registered S3 method overwritten by 'pryr':
  method      from
  print.bytes Rcpp
[1] "load finished!"
Registered S3 method overwritten by 'pryr':
  method      from
  print.bytes Rcpp
[1] "load finished!"
Registered S3 method overwritten by 'pryr':
  method      from
  print.bytes Rcpp
[1] "load finished!"
Registered S3 method overwritten by 'pryr':
  method      from
  print.bytes Rcpp
[1] "load finished!"
Registered S3 method overwritten by 'pryr':
  method      from
  print.bytes Rcpp
[1] "load finished!"
Registered S3 method overwritten by 'pryr':
  method      from
  print.bytes Rcpp
[1] "load finished!"
Registered S3 method overwritten by 'pryr':
  method      from
  print.bytes Rcpp
[1] "load finished!"
Registered S3 method overwritten by 'pryr':
  method      from
  print.bytes Rcpp
[1] "load finished!"
Registered S3 method overwritten by 'pryr':
  method      from
  print.bytes Rcpp
[1] "load finished!"
Registered S3 method overwritten by 'pryr':
  method      from
  print.bytes Rcpp
[1] "load finished!"
Registered S3 method overwritten by 'pryr':
  method      from
  print.bytes Rcpp
[1] "load finished!"
Registered S3 method overwritten by 'pryr':
  method      from
  print.bytes Rcpp
[1] "load finished!"
Registered S3 method overwritten by 'pryr':
  method      from
  print.bytes Rcpp
[1] "load finished!"
Registered S3 method overwritten by 'pryr':
  method      from
  print.bytes Rcpp
[1] "load finished!"
Registered S3 method overwritten by 'pryr':
  method      from
  print.bytes Rcpp
[1] "load finished!"
Registered S3 method overwritten by 'pryr':
  method      from
  print.bytes Rcpp
[1] "load finished!"
Registered S3 method overwritten by 'pryr':
  method      from
  print.bytes Rcpp
[1] "load finished!"
Registered S3 method overwritten by 'pryr':
  method      from
  print.bytes Rcpp
[1] "load finished!"
Registered S3 method overwritten by 'pryr':
  method      from
  print.bytes Rcpp
[1] "load finished!"
Registered S3 method overwritten by 'pryr':
  method      from
  print.bytes Rcpp
[1] "load finished!"
Registered S3 method overwritten by 'pryr':
  method      from
  print.bytes Rcpp
[1] "load finished!"
Registered S3 method overwritten by 'pryr':
  method      from
  print.bytes Rcpp
[1] "load finished!"
Registered S3 method overwritten by 'pryr':
  method      from
  print.bytes Rcpp
[1] "load finished!"
Registered S3 method overwritten by 'pryr':
  method      from
  print.bytes Rcpp
[1] "load finished!"
Registered S3 method overwritten by 'pryr':
  method      from
  print.bytes Rcpp
[1] "load finished!"
Registered S3 method overwritten by 'pryr':
  method      from
  print.bytes Rcpp
[1] "load finished!"
Registered S3 method overwritten by 'pryr':
  method      from
  print.bytes Rcpp
[1] "load finished!"
Registered S3 method overwritten by 'pryr':
  method      from
  print.bytes Rcpp
[1] "load finished!"
Registered S3 method overwritten by 'pryr':
  method      from
  print.bytes Rcpp
[1] "load finished!"
Registered S3 method overwritten by 'pryr':
  method      from
  print.bytes Rcpp
[1] "load finished!"
Registered S3 method overwritten by 'pryr':
  method      from
  print.bytes Rcpp
[1] "load finished!"
Registered S3 method overwritten by 'pryr':
  method      from
  print.bytes Rcpp
[1] "load finished!"
Registered S3 method overwritten by 'pryr':
  method      from
  print.bytes Rcpp
[1] "load finished!"
Registered S3 method overwritten by 'pryr':
  method      from
  print.bytes Rcpp
[1] "load finished!"
Registered S3 method overwritten by 'pryr':
  method      from
  print.bytes Rcpp
[1] "load finished!"
Registered S3 method overwritten by 'pryr':
  method      from
  print.bytes Rcpp
[1] "load finished!"
Registered S3 method overwritten by 'pryr':
  method      from
  print.bytes Rcpp
[1] "load finished!"
Registered S3 method overwritten by 'pryr':
  method      from
  print.bytes Rcpp
[1] "load finished!"
Registered S3 method overwritten by 'pryr':
  method      from
  print.bytes Rcpp
[1] "load finished!"
Registered S3 method overwritten by 'pryr':
  method      from
  print.bytes Rcpp
[1] "load finished!"
Registered S3 method overwritten by 'pryr':
  method      from
  print.bytes Rcpp
[1] "load finished!"
Registered S3 method overwritten by 'pryr':
  method      from
  print.bytes Rcpp
[1] "load finished!"
Registered S3 method overwritten by 'pryr':
  method      from
  print.bytes Rcpp
[1] "load finished!"
Registered S3 method overwritten by 'pryr':
  method      from
  print.bytes Rcpp
[1] "load finished!"
Registered S3 method overwritten by 'pryr':
  method      from
  print.bytes Rcpp
[1] "load finished!"
Registered S3 method overwritten by 'pryr':
  method      from
  print.bytes Rcpp
[1] "load finished!"
Registered S3 method overwritten by 'pryr':
  method      from
  print.bytes Rcpp
[1] "load finished!"
Registered S3 method overwritten by 'pryr':
  method      from
  print.bytes Rcpp
[1] "load finished!"
Registered S3 method overwritten by 'pryr':
  method      from
  print.bytes Rcpp
[1] "load finished!"
Registered S3 method overwritten by 'pryr':
  method      from
  print.bytes Rcpp
[1] "load finished!"
Registered S3 method overwritten by 'pryr':
  method      from
  print.bytes Rcpp
[1] "load finished!"
Registered S3 method overwritten by 'pryr':
  method      from
  print.bytes Rcpp
[1] "load finished!"
Registered S3 method overwritten by 'pryr':
  method      from
  print.bytes Rcpp
[1] "load finished!"
Registered S3 method overwritten by 'pryr':
  method      from
  print.bytes Rcpp
[1] "load finished!"
Registered S3 method overwritten by 'pryr':
  method      from
  print.bytes Rcpp
[1] "load finished!"
Registered S3 method overwritten by 'pryr':
  method      from
  print.bytes Rcpp
[1] "load finished!"
Registered S3 method overwritten by 'pryr':
  method      from
  print.bytes Rcpp
[1] "load finished!"
Registered S3 method overwritten by 'pryr':
  method      from
  print.bytes Rcpp
[1] "load finished!"
Registered S3 method overwritten by 'pryr':
  method      from
  print.bytes Rcpp
[1] "load finished!"
Registered S3 method overwritten by 'pryr':
  method      from
  print.bytes Rcpp
[1] "load finished!"
Registered S3 method overwritten by 'pryr':
  method      from
  print.bytes Rcpp
[1] "load finished!"
Registered S3 method overwritten by 'pryr':
  method      from
  print.bytes Rcpp
[1] "load finished!"
Registered S3 method overwritten by 'pryr':
  method      from
  print.bytes Rcpp
[1] "load finished!"
Registered S3 method overwritten by 'pryr':
  method      from
  print.bytes Rcpp
[1] "load finished!"
Registered S3 method overwritten by 'pryr':
  method      from
  print.bytes Rcpp
[1] "load finished!"
Registered S3 method overwritten by 'pryr':
  method      from
  print.bytes Rcpp
[1] "load finished!"
Registered S3 method overwritten by 'pryr':
  method      from
  print.bytes Rcpp
[1] "load finished!"
Registered S3 method overwritten by 'pryr':
  method      from
  print.bytes Rcpp
[1] "load finished!"
Registered S3 method overwritten by 'pryr':
  method      from
  print.bytes Rcpp
[1] "load finished!"
Registered S3 method overwritten by 'pryr':
  method      from
  print.bytes Rcpp
[1] "load finished!"
Registered S3 method overwritten by 'pryr':
  method      from
  print.bytes Rcpp
[1] "load finished!"
Registered S3 method overwritten by 'pryr':
  method      from
  print.bytes Rcpp
[1] "load finished!"
Registered S3 method overwritten by 'pryr':
  method      from
  print.bytes Rcpp
[1] "load finished!"
Registered S3 method overwritten by 'pryr':
  method      from
  print.bytes Rcpp
[1] "load finished!"
Registered S3 method overwritten by 'pryr':
  method      from
  print.bytes Rcpp
[1] "load finished!"
Registered S3 method overwritten by 'pryr':
  method      from
  print.bytes Rcpp
[1] "load finished!"
Registered S3 method overwritten by 'pryr':
  method      from
  print.bytes Rcpp
[1] "load finished!"
Registered S3 method overwritten by 'pryr':
  method      from
  print.bytes Rcpp
[1] "load finished!"
Registered S3 method overwritten by 'pryr':
  method      from
  print.bytes Rcpp
[1] "load finished!"
Registered S3 method overwritten by 'pryr':
  method      from
  print.bytes Rcpp
[1] "load finished!"
Registered S3 method overwritten by 'pryr':
  method      from
  print.bytes Rcpp
[1] "load finished!"
Registered S3 method overwritten by 'pryr':
  method      from
  print.bytes Rcpp
[1] "load finished!"
Registered S3 method overwritten by 'pryr':
  method      from
  print.bytes Rcpp
[1] "load finished!"
Registered S3 method overwritten by 'pryr':
  method      from
  print.bytes Rcpp
[1] "load finished!"
Registered S3 method overwritten by 'pryr':
  method      from
  print.bytes Rcpp
[1] "load finished!"
Registered S3 method overwritten by 'pryr':
  method      from
  print.bytes Rcpp
[1] "load finished!"
Registered S3 method overwritten by 'pryr':
  method      from
  print.bytes Rcpp
[1] "load finished!"
Registered S3 method overwritten by 'pryr':
  method      from
  print.bytes Rcpp
[1] "load finished!"
Registered S3 method overwritten by 'pryr':
  method      from
  print.bytes Rcpp
[1] "load finished!"
Registered S3 method overwritten by 'pryr':
  method      from
  print.bytes Rcpp
[1] "load finished!"
Registered S3 method overwritten by 'pryr':
  method      from
  print.bytes Rcpp
[1] "load finished!"
Registered S3 method overwritten by 'pryr':
  method      from
  print.bytes Rcpp
[1] "load finished!"
Registered S3 method overwritten by 'pryr':
  method      from
  print.bytes Rcpp
[1] "load finished!"
Registered S3 method overwritten by 'pryr':
  method      from
  print.bytes Rcpp
[1] "load finished!"
Registered S3 method overwritten by 'pryr':
  method      from
  print.bytes Rcpp
[1] "load finished!"
Registered S3 method overwritten by 'pryr':
  method      from
  print.bytes Rcpp
[1] "load finished!"
Registered S3 method overwritten by 'pryr':
  method      from
  print.bytes Rcpp
[1] "load finished!"
Registered S3 method overwritten by 'pryr':
  method      from
  print.bytes Rcpp
[1] "load finished!"
Registered S3 method overwritten by 'pryr':
  method      from
  print.bytes Rcpp
[1] "load finished!"
Registered S3 method overwritten by 'pryr':
  method      from
  print.bytes Rcpp
[1] "load finished!"
Registered S3 method overwritten by 'pryr':
  method      from
  print.bytes Rcpp
[1] "load finished!"
Registered S3 method overwritten by 'pryr':
  method      from
  print.bytes Rcpp
[1] "load finished!"
Registered S3 method overwritten by 'pryr':
  method      from
  print.bytes Rcpp
[1] "load finished!"
Registered S3 method overwritten by 'pryr':
  method      from
  print.bytes Rcpp
[1] "load finished!"
Registered S3 method overwritten by 'pryr':
  method      from
  print.bytes Rcpp
[1] "load finished!"
Registered S3 method overwritten by 'pryr':
  method      from
  print.bytes Rcpp
[1] "load finished!"
Registered S3 method overwritten by 'pryr':
  method      from
  print.bytes Rcpp
[1] "load finished!"
Registered S3 method overwritten by 'pryr':
  method      from
  print.bytes Rcpp
[1] "load finished!"
Registered S3 method overwritten by 'pryr':
  method      from
  print.bytes Rcpp
[1] "load finished!"
Registered S3 method overwritten by 'pryr':
  method      from
  print.bytes Rcpp
[1] "load finished!"
Registered S3 method overwritten by 'pryr':
  method      from
  print.bytes Rcpp
[1] "load finished!"
Registered S3 method overwritten by 'pryr':
  method      from
  print.bytes Rcpp
[1] "load finished!"
Registered S3 method overwritten by 'pryr':
  method      from
  print.bytes Rcpp
[1] "load finished!"
Registered S3 method overwritten by 'pryr':
  method      from
  print.bytes Rcpp
[1] "load finished!"
Registered S3 method overwritten by 'pryr':
  method      from
  print.bytes Rcpp
[1] "load finished!"
Registered S3 method overwritten by 'pryr':
  method      from
  print.bytes Rcpp
[1] "load finished!"
Registered S3 method overwritten by 'pryr':
  method      from
  print.bytes Rcpp
[1] "load finished!"
Registered S3 method overwritten by 'pryr':
  method      from
  print.bytes Rcpp
[1] "load finished!"
Registered S3 method overwritten by 'pryr':
  method      from
  print.bytes Rcpp
[1] "load finished!"
Registered S3 method overwritten by 'pryr':
  method      from
  print.bytes Rcpp
[1] "load finished!"
Registered S3 method overwritten by 'pryr':
  method      from
  print.bytes Rcpp
[1] "load finished!"
Registered S3 method overwritten by 'pryr':
  method      from
  print.bytes Rcpp
[1] "load finished!"
Registered S3 method overwritten by 'pryr':
  method      from
  print.bytes Rcpp
[1] "load finished!"
Registered S3 method overwritten by 'pryr':
  method      from
  print.bytes Rcpp
[1] "load finished!"
Registered S3 method overwritten by 'pryr':
  method      from
  print.bytes Rcpp
[1] "load finished!"
Registered S3 method overwritten by 'pryr':
  method      from
  print.bytes Rcpp
[1] "load finished!"
Registered S3 method overwritten by 'pryr':
  method      from
  print.bytes Rcpp
[1] "load finished!"
Registered S3 method overwritten by 'pryr':
  method      from
  print.bytes Rcpp
[1] "load finished!"
Registered S3 method overwritten by 'pryr':
  method      from
  print.bytes Rcpp
[1] "load finished!"
Registered S3 method overwritten by 'pryr':
  method      from
  print.bytes Rcpp
[1] "load finished!"
Registered S3 method overwritten by 'pryr':
  method      from
  print.bytes Rcpp
[1] "load finished!"
Registered S3 method overwritten by 'pryr':
  method      from
  print.bytes Rcpp
[1] "load finished!"
Registered S3 method overwritten by 'pryr':
  method      from
  print.bytes Rcpp
[1] "load finished!"
Registered S3 method overwritten by 'pryr':
  method      from
  print.bytes Rcpp
[1] "load finished!"
Registered S3 method overwritten by 'pryr':
  method      from
  print.bytes Rcpp
[1] "load finished!"
Registered S3 method overwritten by 'pryr':
  method      from
  print.bytes Rcpp
[1] "load finished!"
Registered S3 method overwritten by 'pryr':
  method      from
  print.bytes Rcpp
[1] "load finished!"
Registered S3 method overwritten by 'pryr':
  method      from
  print.bytes Rcpp
[1] "load finished!"
Registered S3 method overwritten by 'pryr':
  method      from
  print.bytes Rcpp
[1] "load finished!"
Registered S3 method overwritten by 'pryr':
  method      from
  print.bytes Rcpp
[1] "load finished!"
Registered S3 method overwritten by 'pryr':
  method      from
  print.bytes Rcpp
[1] "load finished!"
Registered S3 method overwritten by 'pryr':
  method      from
  print.bytes Rcpp
[1] "load finished!"
Registered S3 method overwritten by 'pryr':
  method      from
  print.bytes Rcpp
[1] "load finished!"
Registered S3 method overwritten by 'pryr':
  method      from
  print.bytes Rcpp
[1] "load finished!"
Registered S3 method overwritten by 'pryr':
  method      from
  print.bytes Rcpp
[1] "load finished!"
Registered S3 method overwritten by 'pryr':
  method      from
  print.bytes Rcpp
[1] "load finished!"
Registered S3 method overwritten by 'pryr':
  method      from
  print.bytes Rcpp
[1] "load finished!"
Registered S3 method overwritten by 'pryr':
  method      from
  print.bytes Rcpp
[1] "load finished!"
Registered S3 method overwritten by 'pryr':
  method      from
  print.bytes Rcpp
[1] "load finished!"
Registered S3 method overwritten by 'pryr':
  method      from
  print.bytes Rcpp
[1] "load finished!"
Registered S3 method overwritten by 'pryr':
  method      from
  print.bytes Rcpp
[1] "load finished!"
Registered S3 method overwritten by 'pryr':
  method      from
  print.bytes Rcpp
[1] "load finished!"
Registered S3 method overwritten by 'pryr':
  method      from
  print.bytes Rcpp
[1] "load finished!"
Registered S3 method overwritten by 'pryr':
  method      from
  print.bytes Rcpp
[1] "load finished!"
Registered S3 method overwritten by 'pryr':
  method      from
  print.bytes Rcpp
[1] "load finished!"
